Using pre-set license
Built from '2022.3/staging' branch; Version is '2022.3.7f1 (b16b3b16c7a0) revision 11627323'; Using compiler version '192829333'; Build Type 'Release'
OS: 'Windows 11  (10.0.22621) 64bit Professional' Language: 'ko' Physical Memory: 16109 MB
BatchMode: 1, IsHumanControllingUs: 0, StartBugReporterOnCrash: 0, Is64bit: 1, IsPro: 1

COMMAND LINE ARGUMENTS:
C:\Program Files\Unity\Hub\Editor\2022.3.7f1\Editor\Unity.exe
-adb2
-batchMode
-noUpm
-name
AssetImportWorker2
-projectPath
C:/Unity/ESCAPE
-logFile
Logs/AssetImportWorker2.log
-srvPort
59840
Successfully changed project path to: C:/Unity/ESCAPE
C:/Unity/ESCAPE
[UnityMemory] Configuration Parameters - Can be set up in boot.config
    "memorysetup-bucket-allocator-granularity=16"
    "memorysetup-bucket-allocator-bucket-count=8"
    "memorysetup-bucket-allocator-block-size=33554432"
    "memorysetup-bucket-allocator-block-count=8"
    "memorysetup-main-allocator-block-size=16777216"
    "memorysetup-thread-allocator-block-size=16777216"
    "memorysetup-gfx-main-allocator-block-size=16777216"
    "memorysetup-gfx-thread-allocator-block-size=16777216"
    "memorysetup-cache-allocator-block-size=4194304"
    "memorysetup-typetree-allocator-block-size=2097152"
    "memorysetup-profiler-bucket-allocator-granularity=16"
    "memorysetup-profiler-bucket-allocator-bucket-count=8"
    "memorysetup-profiler-bucket-allocator-block-size=33554432"
    "memorysetup-profiler-bucket-allocator-block-count=8"
    "memorysetup-profiler-allocator-block-size=16777216"
    "memorysetup-profiler-editor-allocator-block-size=1048576"
    "memorysetup-temp-allocator-size-main=16777216"
    "memorysetup-job-temp-allocator-block-size=2097152"
    "memorysetup-job-temp-allocator-block-size-background=1048576"
    "memorysetup-job-temp-allocator-reduction-small-platforms=262144"
    "memorysetup-allocator-temp-initial-block-size-main=262144"
    "memorysetup-allocator-temp-initial-block-size-worker=262144"
    "memorysetup-temp-allocator-size-background-worker=32768"
    "memorysetup-temp-allocator-size-job-worker=262144"
    "memorysetup-temp-allocator-size-preload-manager=33554432"
    "memorysetup-temp-allocator-size-nav-mesh-worker=65536"
    "memorysetup-temp-allocator-size-audio-worker=65536"
    "memorysetup-temp-allocator-size-cloud-worker=32768"
    "memorysetup-temp-allocator-size-gi-baking-worker=262144"
    "memorysetup-temp-allocator-size-gfx=262144"
Player connection [31184] Host "[IP] 210.125.74.56 [Port] 0 [Flags] 2 [Guid] 1408854262 [EditorId] 1408854262 [Version] 1048832 [Id] WindowsEditor(7,DESKTOP-TRKI2BO) [Debug] 1 [PackageName] WindowsEditor [ProjectName] Editor" joined multi-casting on [225.0.0.222:54997]...

Player connection [31184] Host "[IP] 210.125.74.56 [Port] 0 [Flags] 2 [Guid] 1408854262 [EditorId] 1408854262 [Version] 1048832 [Id] WindowsEditor(7,DESKTOP-TRKI2BO) [Debug] 1 [PackageName] WindowsEditor [ProjectName] Editor" joined alternative multi-casting on [225.0.0.222:34997]...

Refreshing native plugins compatible for Editor in 0.00 ms, found 0 plugins.
Preloading 0 native plugins for Editor in 0.00 ms.
Initialize engine version: 2022.3.7f1 (b16b3b16c7a0)
[Subsystems] Discovering subsystems at path C:/Program Files/Unity/Hub/Editor/2022.3.7f1/Editor/Data/Resources/UnitySubsystems
[Subsystems] Discovering subsystems at path C:/Unity/ESCAPE/Assets
GfxDevice: creating device client; threaded=0; jobified=0
Direct3D:
    Version:  Direct3D 11.0 [level 11.1]
    Renderer: NVIDIA GeForce RTX 3060 (ID=0x2504)
    Vendor:   NVIDIA
    VRAM:     12129 MB
    Driver:   31.0.15.3619
Initialize mono
Mono path[0] = 'C:/Program Files/Unity/Hub/Editor/2022.3.7f1/Editor/Data/Managed'
Mono path[1] = 'C:/Program Files/Unity/Hub/Editor/2022.3.7f1/Editor/Data/MonoBleedingEdge/lib/mono/unityjit-win32'
Mono config path = 'C:/Program Files/Unity/Hub/Editor/2022.3.7f1/Editor/Data/MonoBleedingEdge/etc'
Using monoOptions --debugger-agent=transport=dt_socket,embedding=1,server=y,suspend=n,address=127.0.0.1:56284
Begin MonoManager ReloadAssembly
Registering precompiled unity dll's ...
Register platform support module: C:/Program Files/Unity/Hub/Editor/2022.3.7f1/Editor/Data/PlaybackEngines/WindowsStandaloneSupport/UnityEditor.WindowsStandalone.Extensions.dll
Registered in 0.015131 seconds.
- Loaded All Assemblies, in  0.420 seconds
Native extension for WindowsStandalone target not found
Mono: successfully reloaded assembly
- Finished resetting the current domain, in  0.210 seconds
Domain Reload Profiling: 626ms
	BeginReloadAssembly (166ms)
		ExecutionOrderSort (0ms)
		DisableScriptedObjects (0ms)
		BackupInstance (0ms)
		ReleaseScriptingObjects (0ms)
		CreateAndSetChildDomain (1ms)
	RebuildCommonClasses (31ms)
	RebuildNativeTypeToScriptingClass (11ms)
	initialDomainReloadingComplete (71ms)
	LoadAllAssembliesAndSetupDomain (136ms)
		LoadAssemblies (159ms)
		RebuildTransferFunctionScriptingTraits (0ms)
		AnalyzeDomain (134ms)
			TypeCache.Refresh (133ms)
				TypeCache.ScanAssembly (117ms)
			ScanForSourceGeneratedMonoScriptInfo (0ms)
			ResolveRequiredComponents (0ms)
	FinalizeReload (210ms)
		ReleaseScriptCaches (0ms)
		RebuildScriptCaches (0ms)
		SetupLoadedEditorAssemblies (164ms)
			LogAssemblyErrors (0ms)
			InitializePlatformSupportModulesInManaged (10ms)
			SetLoadedEditorAssemblies (6ms)
			RefreshPlugins (0ms)
			BeforeProcessingInitializeOnLoad (2ms)
			ProcessInitializeOnLoadAttributes (103ms)
			ProcessInitializeOnLoadMethodAttributes (43ms)
			AfterProcessingInitializeOnLoad (0ms)
			EditorAssembliesLoaded (0ms)
		ExecutionOrderSort2 (0ms)
		AwakeInstancesAfterBackupRestoration (0ms)
========================================================================
Worker process is ready to serve import requests
Begin MonoManager ReloadAssembly
- Loaded All Assemblies, in  0.253 seconds
Refreshing native plugins compatible for Editor in 0.00 ms, found 0 plugins.
Native extension for WindowsStandalone target not found
Mono: successfully reloaded assembly
- Finished resetting the current domain, in  0.271 seconds
Domain Reload Profiling: 519ms
	BeginReloadAssembly (173ms)
		ExecutionOrderSort (0ms)
		DisableScriptedObjects (4ms)
		BackupInstance (0ms)
		ReleaseScriptingObjects (0ms)
		CreateAndSetChildDomain (20ms)
	RebuildCommonClasses (33ms)
	RebuildNativeTypeToScriptingClass (8ms)
	initialDomainReloadingComplete (28ms)
	LoadAllAssembliesAndSetupDomain (6ms)
		LoadAssemblies (119ms)
		RebuildTransferFunctionScriptingTraits (0ms)
		AnalyzeDomain (4ms)
			TypeCache.Refresh (3ms)
				TypeCache.ScanAssembly (0ms)
			ScanForSourceGeneratedMonoScriptInfo (0ms)
			ResolveRequiredComponents (0ms)
	FinalizeReload (272ms)
		ReleaseScriptCaches (0ms)
		RebuildScriptCaches (0ms)
		SetupLoadedEditorAssemblies (166ms)
			LogAssemblyErrors (0ms)
			InitializePlatformSupportModulesInManaged (8ms)
			SetLoadedEditorAssemblies (4ms)
			RefreshPlugins (0ms)
			BeforeProcessingInitializeOnLoad (31ms)
			ProcessInitializeOnLoadAttributes (94ms)
			ProcessInitializeOnLoadMethodAttributes (15ms)
			AfterProcessingInitializeOnLoad (13ms)
			EditorAssembliesLoaded (0ms)
		ExecutionOrderSort2 (0ms)
		AwakeInstancesAfterBackupRestoration (7ms)
Launched and connected shader compiler UnityShaderCompiler.exe after 0.04 seconds
Refreshing native plugins compatible for Editor in 0.00 ms, found 0 plugins.
Preloading 0 native plugins for Editor in 0.00 ms.
Unloading 9 Unused Serialized files (Serialized files now loaded: 0)
Unloading 3 unused Assets / (46.7 KB). Loaded Objects now: 478.
Memory consumption went from 45.0 MB to 44.9 MB.
Total: 1.955000 ms (FindLiveObjects: 0.036600 ms CreateObjectMapping: 0.003400 ms MarkObjects: 1.853700 ms  DeleteObjects: 0.060600 ms)

AssetImportParameters requested are different than current active one (requested -> active):
  custom:video-decoder-ogg-theora: a1e56fd34408186e4bbccfd4996cb3dc -> 
  custom:container-muxer-webm: aa71ff27fc2769a1b78a27578f13a17b -> 
  custom:container-demuxer-webm: 4f35f7cbe854078d1ac9338744f61a02 -> 
  custom:video-encoder-webm-vp8: eb34c28f22e8b96e1ab97ce403110664 -> 
  custom:CustomObjectIndexerAttribute: 756ad292c208cfabdd7b50bc23989ffe -> 
  custom:audio-encoder-webm-vorbis: bf7c407c2cedff20999df2af8eb42d56 -> 
  custom:framework-win-MediaFoundation: 216162199b28c13a410421893ffa2e32 -> 
  custom:SearchIndexIgnoredProperties: e643bd26f0fe6173181afceb89e7c659 -> 
  custom:container-demuxer-ogg: 62fdf1f143b41e24485cea50d1cbac27 -> 
  custom:video-decoder-webm-vp8: 9c59270c3fd7afecdb556c50c9e8de78 -> 
  custom:audio-decoder-ogg-vorbis: bf7c407c2cedff20999df2af8eb42d56 -> 
  custom:AudioImporter_EditorPlatform: d09bf68614088b80899f8185d706f6e7 -> 
========================================================================
Received Import Request.
  Time since last request: 1715879.381691 seconds.
  path: Assets/Projectile/Shoot/Resource/2/1_9.png
  artifactKey: Guid(7571b0be09115cc48af39e676ccad57e) Importer(2089858483,0ecaa5967403d082aa24f35e1b516d23)
Start importing Assets/Projectile/Shoot/Resource/2/1_9.png using Guid(7571b0be09115cc48af39e676ccad57e) Importer(2089858483,0ecaa5967403d082aa24f35e1b516d23) Generated GUIDs only implemented for interfaces!
 -> (artifact id: '39341500c99aa62a3345b03adf5fc4af') in 0.161568 seconds
Number of updated asset objects reloaded before import = 0
Number of asset objects unloaded after import = 3
========================================================================
Received Import Request.
  Time since last request: 0.000016 seconds.
  path: Assets/Projectile/Reload/Source/5/1_005.png
  artifactKey: Guid(df42c1714d097424d8ae20e0afdfced7) Importer(2089858483,0ecaa5967403d082aa24f35e1b516d23)
Start importing Assets/Projectile/Reload/Source/5/1_005.png using Guid(df42c1714d097424d8ae20e0afdfced7) Importer(2089858483,0ecaa5967403d082aa24f35e1b516d23) Generated GUIDs only implemented for interfaces!
 -> (artifact id: 'e320361c05714948dab9296b962fe1da') in 0.025900 seconds
Number of updated asset objects reloaded before import = 0
Number of asset objects unloaded after import = 3
========================================================================
Received Import Request.
  Time since last request: 0.000012 seconds.
  path: Assets/Projectile/Reload/Source/6/1_006.png
  artifactKey: Guid(1bb6da6641485044fb1ca1dde64bfa24) Importer(2089858483,0ecaa5967403d082aa24f35e1b516d23)
Start importing Assets/Projectile/Reload/Source/6/1_006.png using Guid(1bb6da6641485044fb1ca1dde64bfa24) Importer(2089858483,0ecaa5967403d082aa24f35e1b516d23) Generated GUIDs only implemented for interfaces!
 -> (artifact id: '7eaf0140396ec9592f8867c2822341a1') in 0.025473 seconds
Number of updated asset objects reloaded before import = 0
Number of asset objects unloaded after import = 3
========================================================================
Received Import Request.
  Time since last request: 0.000014 seconds.
  path: Assets/Projectile/Shoot/Resource/3/1_3.png
  artifactKey: Guid(d136f584f06917e40b6145facd0b6c8a) Importer(2089858483,0ecaa5967403d082aa24f35e1b516d23)
Start importing Assets/Projectile/Shoot/Resource/3/1_3.png using Guid(d136f584f06917e40b6145facd0b6c8a) Importer(2089858483,0ecaa5967403d082aa24f35e1b516d23) Generated GUIDs only implemented for interfaces!
 -> (artifact id: '8f6daf2fd7a399dafe0d19f3e50b51af') in 0.025903 seconds
Number of updated asset objects reloaded before import = 0
Number of asset objects unloaded after import = 3
========================================================================
Received Import Request.
  Time since last request: 0.000020 seconds.
  path: Assets/Projectile/Shoot/Resource/3/1_11.png
  artifactKey: Guid(afa11509030bd6e4caa1df61269889e5) Importer(2089858483,0ecaa5967403d082aa24f35e1b516d23)
Start importing Assets/Projectile/Shoot/Resource/3/1_11.png using Guid(afa11509030bd6e4caa1df61269889e5) Importer(2089858483,0ecaa5967403d082aa24f35e1b516d23) Generated GUIDs only implemented for interfaces!
 -> (artifact id: '980a07cd10aabc79055af3dce1599496') in 0.025640 seconds
Number of updated asset objects reloaded before import = 0
Number of asset objects unloaded after import = 3
========================================================================
Received Import Request.
  Time since last request: 0.000011 seconds.
  path: Assets/Projectile/Shoot/Resource/3/1_8.png
  artifactKey: Guid(35f0c2ade9e3eb24baca4999f74e14f7) Importer(2089858483,0ecaa5967403d082aa24f35e1b516d23)
Start importing Assets/Projectile/Shoot/Resource/3/1_8.png using Guid(35f0c2ade9e3eb24baca4999f74e14f7) Importer(2089858483,0ecaa5967403d082aa24f35e1b516d23) Generated GUIDs only implemented for interfaces!
 -> (artifact id: 'aa2ed14f790eacec0548eb115cdb698f') in 0.024359 seconds
Number of updated asset objects reloaded before import = 0
Number of asset objects unloaded after import = 3
========================================================================
Received Import Request.
  Time since last request: 0.000013 seconds.
  path: Assets/Projectile/Shoot/Resource/2/1_2.png
  artifactKey: Guid(e2e9bb614f367e448b4721e481133199) Importer(2089858483,0ecaa5967403d082aa24f35e1b516d23)
Start importing Assets/Projectile/Shoot/Resource/2/1_2.png using Guid(e2e9bb614f367e448b4721e481133199) Importer(2089858483,0ecaa5967403d082aa24f35e1b516d23) Generated GUIDs only implemented for interfaces!
 -> (artifact id: '115fd41804eb4cce461b72bef422c23f') in 0.024788 seconds
Number of updated asset objects reloaded before import = 0
Number of asset objects unloaded after import = 3
========================================================================
Received Import Request.
  Time since last request: 0.000013 seconds.
  path: Assets/Projectile/Shoot/Resource/3/1_12.png
  artifactKey: Guid(46e3cb97e2c960b4a9929b9ec4c29de3) Importer(2089858483,0ecaa5967403d082aa24f35e1b516d23)
Start importing Assets/Projectile/Shoot/Resource/3/1_12.png using Guid(46e3cb97e2c960b4a9929b9ec4c29de3) Importer(2089858483,0ecaa5967403d082aa24f35e1b516d23) Generated GUIDs only implemented for interfaces!
 -> (artifact id: 'cec26691810438fea1ac31da3c465a74') in 0.023466 seconds
Number of updated asset objects reloaded before import = 0
Number of asset objects unloaded after import = 3
========================================================================
Received Import Request.
  Time since last request: 0.000015 seconds.
  path: Assets/Projectile/Shoot/Resource/2/1_3.png
  artifactKey: Guid(e45c1ea81cb918f479ca14e1cfc50d5a) Importer(2089858483,0ecaa5967403d082aa24f35e1b516d23)
Start importing Assets/Projectile/Shoot/Resource/2/1_3.png using Guid(e45c1ea81cb918f479ca14e1cfc50d5a) Importer(2089858483,0ecaa5967403d082aa24f35e1b516d23) Generated GUIDs only implemented for interfaces!
 -> (artifact id: 'b25300e33aa4aaf4f21bd29990fbc2cf') in 0.022149 seconds
Number of updated asset objects reloaded before import = 0
Number of asset objects unloaded after import = 3
========================================================================
Received Import Request.
  Time since last request: 0.000115 seconds.
  path: Assets/Projectile/Reload/Source/2/1_006.png
  artifactKey: Guid(6ab5749111e25d24fbcfea7a799c8a77) Importer(2089858483,0ecaa5967403d082aa24f35e1b516d23)
Start importing Assets/Projectile/Reload/Source/2/1_006.png using Guid(6ab5749111e25d24fbcfea7a799c8a77) Importer(2089858483,0ecaa5967403d082aa24f35e1b516d23) Generated GUIDs only implemented for interfaces!
 -> (artifact id: '812fad0a5337294faa810998f2d96748') in 0.021993 seconds
Number of updated asset objects reloaded before import = 0
Number of asset objects unloaded after import = 3
========================================================================
Received Import Request.
  Time since last request: 0.000010 seconds.
  path: Assets/Projectile/Reload/Source/3/1_001.png
  artifactKey: Guid(5461cd4838e13ba4f9151c0fd9b7022b) Importer(2089858483,0ecaa5967403d082aa24f35e1b516d23)
Start importing Assets/Projectile/Reload/Source/3/1_001.png using Guid(5461cd4838e13ba4f9151c0fd9b7022b) Importer(2089858483,0ecaa5967403d082aa24f35e1b516d23) Generated GUIDs only implemented for interfaces!
 -> (artifact id: '4e05f2aff2f6c0f3587702767ea76258') in 0.026050 seconds
Number of updated asset objects reloaded before import = 0
Number of asset objects unloaded after import = 3
========================================================================
Received Import Request.
  Time since last request: 0.000009 seconds.
  path: Assets/Projectile/Reload/Source/5/1_008.png
  artifactKey: Guid(c1a6aeeb4b670884194bf7b67c034314) Importer(2089858483,0ecaa5967403d082aa24f35e1b516d23)
Start importing Assets/Projectile/Reload/Source/5/1_008.png using Guid(c1a6aeeb4b670884194bf7b67c034314) Importer(2089858483,0ecaa5967403d082aa24f35e1b516d23) Generated GUIDs only implemented for interfaces!
 -> (artifact id: '10388ba78fda7b13f7a25f3e7e63c721') in 0.023864 seconds
Number of updated asset objects reloaded before import = 0
Number of asset objects unloaded after import = 3
========================================================================
Received Import Request.
  Time since last request: 0.000012 seconds.
  path: Assets/Projectile/Reload/Source/2/1_004.png
  artifactKey: Guid(42121c588f568aa4b9c3f820f02cb523) Importer(2089858483,0ecaa5967403d082aa24f35e1b516d23)
Start importing Assets/Projectile/Reload/Source/2/1_004.png using Guid(42121c588f568aa4b9c3f820f02cb523) Importer(2089858483,0ecaa5967403d082aa24f35e1b516d23) Generated GUIDs only implemented for interfaces!
 -> (artifact id: '83c106425aacb3ac8402d6c903ae3cc5') in 0.023690 seconds
Number of updated asset objects reloaded before import = 0
Number of asset objects unloaded after import = 3
========================================================================
Received Import Request.
  Time since last request: 0.000019 seconds.
  path: Assets/Projectile/Reload/Source/5/1_004.png
  artifactKey: Guid(326043876c93115448eece0ff3fae395) Importer(2089858483,0ecaa5967403d082aa24f35e1b516d23)
Start importing Assets/Projectile/Reload/Source/5/1_004.png using Guid(326043876c93115448eece0ff3fae395) Importer(2089858483,0ecaa5967403d082aa24f35e1b516d23) Generated GUIDs only implemented for interfaces!
 -> (artifact id: '1658c989f2dbceaa56f7b335cd04a31c') in 0.024310 seconds
Number of updated asset objects reloaded before import = 0
Number of asset objects unloaded after import = 3
========================================================================
Received Import Request.
  Time since last request: 0.000010 seconds.
  path: Assets/Projectile/Reload/Source/2/1_005.png
  artifactKey: Guid(e3fe01368669be14fa392cad7f4ef6c9) Importer(2089858483,0ecaa5967403d082aa24f35e1b516d23)
Start importing Assets/Projectile/Reload/Source/2/1_005.png using Guid(e3fe01368669be14fa392cad7f4ef6c9) Importer(2089858483,0ecaa5967403d082aa24f35e1b516d23) Generated GUIDs only implemented for interfaces!
 -> (artifact id: '34de48aec0422d9ef67dae7ea05d9a0f') in 0.023998 seconds
Number of updated asset objects reloaded before import = 0
Number of asset objects unloaded after import = 3
========================================================================
Received Import Request.
  Time since last request: 0.000011 seconds.
  path: Assets/Projectile/Reload/Source/3/1_003.png
  artifactKey: Guid(e350d65910336b843bece0e079cdb4dc) Importer(2089858483,0ecaa5967403d082aa24f35e1b516d23)
Start importing Assets/Projectile/Reload/Source/3/1_003.png using Guid(e350d65910336b843bece0e079cdb4dc) Importer(2089858483,0ecaa5967403d082aa24f35e1b516d23) Generated GUIDs only implemented for interfaces!
 -> (artifact id: 'db9492a6736ea51a659f49664c4151bc') in 0.024915 seconds
Number of updated asset objects reloaded before import = 0
Number of asset objects unloaded after import = 3
========================================================================
Received Import Request.
  Time since last request: 0.000017 seconds.
  path: Assets/Projectile/Reload/Source/5/1_001.png
  artifactKey: Guid(521fa3b4a8d239c4aa89d5faa1b06177) Importer(2089858483,0ecaa5967403d082aa24f35e1b516d23)
Start importing Assets/Projectile/Reload/Source/5/1_001.png using Guid(521fa3b4a8d239c4aa89d5faa1b06177) Importer(2089858483,0ecaa5967403d082aa24f35e1b516d23) Generated GUIDs only implemented for interfaces!
 -> (artifact id: '5ab3197a9d30e78a8162895914030c35') in 0.026114 seconds
Number of updated asset objects reloaded before import = 0
Number of asset objects unloaded after import = 3
========================================================================
Received Import Request.
  Time since last request: 0.000010 seconds.
  path: Assets/Projectile/Reload/Source/6/1_002.png
  artifactKey: Guid(978e8f3cbe474a44cb699d2912d80903) Importer(2089858483,0ecaa5967403d082aa24f35e1b516d23)
Start importing Assets/Projectile/Reload/Source/6/1_002.png using Guid(978e8f3cbe474a44cb699d2912d80903) Importer(2089858483,0ecaa5967403d082aa24f35e1b516d23) Generated GUIDs only implemented for interfaces!
 -> (artifact id: '996b33ed03485b12332dd0b1a9c994d4') in 0.024981 seconds
Number of updated asset objects reloaded before import = 0
Number of asset objects unloaded after import = 3
========================================================================
Received Import Request.
  Time since last request: 0.000031 seconds.
  path: Assets/Projectile/Reload/Source/Reload_Fire/Reload_Fire.anim
  artifactKey: Guid(d182118684900fe418185ac5c8914a01) Importer(2089858483,0ecaa5967403d082aa24f35e1b516d23)
Start importing Assets/Projectile/Reload/Source/Reload_Fire/Reload_Fire.anim using Guid(d182118684900fe418185ac5c8914a01) Importer(2089858483,0ecaa5967403d082aa24f35e1b516d23) Generated GUIDs only implemented for interfaces!
 -> (artifact id: '891308314b430f90a5083f059919d888') in 0.006694 seconds
Number of updated asset objects reloaded before import = 0
Number of asset objects unloaded after import = 1
========================================================================
Received Import Request.
  Time since last request: 0.000041 seconds.
  path: Assets/Projectile/Reload/Source/2/1_000.png
  artifactKey: Guid(283f7aec36208604b9f274c52bb5d5fe) Importer(2089858483,0ecaa5967403d082aa24f35e1b516d23)
Start importing Assets/Projectile/Reload/Source/2/1_000.png using Guid(283f7aec36208604b9f274c52bb5d5fe) Importer(2089858483,0ecaa5967403d082aa24f35e1b516d23) Generated GUIDs only implemented for interfaces!
 -> (artifact id: 'c782156b69ac64c6e607a53be4c23606') in 0.022140 seconds
Number of updated asset objects reloaded before import = 0
Number of asset objects unloaded after import = 3
========================================================================
Received Import Request.
  Time since last request: 0.000118 seconds.
  path: Assets/Projectile/Shoot/Resource/4/1_0.png
  artifactKey: Guid(7410e96848d770549861f6513d038a48) Importer(2089858483,0ecaa5967403d082aa24f35e1b516d23)
Start importing Assets/Projectile/Shoot/Resource/4/1_0.png using Guid(7410e96848d770549861f6513d038a48) Importer(2089858483,0ecaa5967403d082aa24f35e1b516d23) Generated GUIDs only implemented for interfaces!
 -> (artifact id: '904c4e716711d295e2d64d75f05020af') in 0.024605 seconds
Number of updated asset objects reloaded before import = 0
Number of asset objects unloaded after import = 3
========================================================================
Received Import Request.
  Time since last request: 0.000031 seconds.
  path: Assets/Projectile/Shoot/Resource/2/1_4.png
  artifactKey: Guid(99f696c5d7dd7054a8f270292af5b80e) Importer(2089858483,0ecaa5967403d082aa24f35e1b516d23)
Start importing Assets/Projectile/Shoot/Resource/2/1_4.png using Guid(99f696c5d7dd7054a8f270292af5b80e) Importer(2089858483,0ecaa5967403d082aa24f35e1b516d23) Generated GUIDs only implemented for interfaces!
 -> (artifact id: 'da689f0d83f865be7eb1fc5e952021f6') in 0.025549 seconds
Number of updated asset objects reloaded before import = 0
Number of asset objects unloaded after import = 3
========================================================================
Received Import Request.
  Time since last request: 0.000009 seconds.
  path: Assets/Projectile/Shoot/Resource/3/1_6.png
  artifactKey: Guid(15ac8f5209e50c348bc738b4fc2ec405) Importer(2089858483,0ecaa5967403d082aa24f35e1b516d23)
Start importing Assets/Projectile/Shoot/Resource/3/1_6.png using Guid(15ac8f5209e50c348bc738b4fc2ec405) Importer(2089858483,0ecaa5967403d082aa24f35e1b516d23) Generated GUIDs only implemented for interfaces!
 -> (artifact id: '5a0ff64bfffdf8bd85f2e47dd15753ca') in 0.024896 seconds
Number of updated asset objects reloaded before import = 0
Number of asset objects unloaded after import = 3
========================================================================
Received Import Request.
  Time since last request: 0.000022 seconds.
  path: Assets/Projectile/Reload/Source/4/1_006.png
  artifactKey: Guid(608cf4e6f4b801f4aba0dc3c226717b6) Importer(2089858483,0ecaa5967403d082aa24f35e1b516d23)
Start importing Assets/Projectile/Reload/Source/4/1_006.png using Guid(608cf4e6f4b801f4aba0dc3c226717b6) Importer(2089858483,0ecaa5967403d082aa24f35e1b516d23) Generated GUIDs only implemented for interfaces!
 -> (artifact id: '6c676e3d8efb60086be5767abbd43d91') in 0.024424 seconds
Number of updated asset objects reloaded before import = 0
Number of asset objects unloaded after import = 3
========================================================================
Received Import Request.
  Time since last request: 0.000050 seconds.
  path: Assets/Projectile/Shoot/Resource/4/1_1.png
  artifactKey: Guid(21b778c37881ee545bbb43a80bc64716) Importer(2089858483,0ecaa5967403d082aa24f35e1b516d23)
Start importing Assets/Projectile/Shoot/Resource/4/1_1.png using Guid(21b778c37881ee545bbb43a80bc64716) Importer(2089858483,0ecaa5967403d082aa24f35e1b516d23) Generated GUIDs only implemented for interfaces!
 -> (artifact id: '64b34cbecf2631e1a6b35ffb80e38386') in 0.025748 seconds
Number of updated asset objects reloaded before import = 0
Number of asset objects unloaded after import = 3
========================================================================
Received Import Request.
  Time since last request: 0.102288 seconds.
  path: Assets/Projectile/Shoot/Resource/4/1_11.png
  artifactKey: Guid(1e84b74d5dc8a844eabf30db5863a55f) Importer(2089858483,0ecaa5967403d082aa24f35e1b516d23)
Start importing Assets/Projectile/Shoot/Resource/4/1_11.png using Guid(1e84b74d5dc8a844eabf30db5863a55f) Importer(2089858483,0ecaa5967403d082aa24f35e1b516d23) Generated GUIDs only implemented for interfaces!
 -> (artifact id: '02ba390fc4f0fe13806963e5b643dd20') in 0.027128 seconds
Number of updated asset objects reloaded before import = 0
Number of asset objects unloaded after import = 3
========================================================================
Received Import Request.
  Time since last request: 0.000015 seconds.
  path: Assets/Projectile/Shoot/Resource/7/1_10.png
  artifactKey: Guid(96f413ccd3fd8544e87b501cfc177ca4) Importer(2089858483,0ecaa5967403d082aa24f35e1b516d23)
Start importing Assets/Projectile/Shoot/Resource/7/1_10.png using Guid(96f413ccd3fd8544e87b501cfc177ca4) Importer(2089858483,0ecaa5967403d082aa24f35e1b516d23) Generated GUIDs only implemented for interfaces!
 -> (artifact id: 'c63ba148fd97eff1affc9d44caa73a03') in 0.026498 seconds
Number of updated asset objects reloaded before import = 0
Number of asset objects unloaded after import = 3
========================================================================
Received Import Request.
  Time since last request: 0.000015 seconds.
  path: Assets/Projectile/Shoot/Resource/9/1_7.png
  artifactKey: Guid(6b78b359adb7e48429f90da3580ac5c1) Importer(2089858483,0ecaa5967403d082aa24f35e1b516d23)
Start importing Assets/Projectile/Shoot/Resource/9/1_7.png using Guid(6b78b359adb7e48429f90da3580ac5c1) Importer(2089858483,0ecaa5967403d082aa24f35e1b516d23) Generated GUIDs only implemented for interfaces!
 -> (artifact id: '492300bb30682f1b782585ee7ca49767') in 0.026442 seconds
Number of updated asset objects reloaded before import = 0
Number of asset objects unloaded after import = 3
========================================================================
Received Import Request.
  Time since last request: 0.000019 seconds.
  path: Assets/Projectile/Shoot/Resource/7/1_1.png
  artifactKey: Guid(bc0f1a9d11ffde7439a7861ebcd326e6) Importer(2089858483,0ecaa5967403d082aa24f35e1b516d23)
Start importing Assets/Projectile/Shoot/Resource/7/1_1.png using Guid(bc0f1a9d11ffde7439a7861ebcd326e6) Importer(2089858483,0ecaa5967403d082aa24f35e1b516d23) Generated GUIDs only implemented for interfaces!
 -> (artifact id: '5acb9133bf52fd9c288958c05aeb204e') in 0.026161 seconds
Number of updated asset objects reloaded before import = 0
Number of asset objects unloaded after import = 3
========================================================================
Received Import Request.
  Time since last request: 0.000033 seconds.
  path: Assets/Projectile/Shoot/Resource/9/1_6.png
  artifactKey: Guid(20eb8f7fdc5cfc842a53fb715c356fe4) Importer(2089858483,0ecaa5967403d082aa24f35e1b516d23)
Start importing Assets/Projectile/Shoot/Resource/9/1_6.png using Guid(20eb8f7fdc5cfc842a53fb715c356fe4) Importer(2089858483,0ecaa5967403d082aa24f35e1b516d23) Generated GUIDs only implemented for interfaces!
 -> (artifact id: 'cc995185a42fa45f74577b9dee9aeec5') in 0.026118 seconds
Number of updated asset objects reloaded before import = 0
Number of asset objects unloaded after import = 3
========================================================================
Received Import Request.
  Time since last request: 0.000011 seconds.
  path: Assets/Projectile/Shoot/Resource/Red/Red_2.png
  artifactKey: Guid(4c86ea1a2843fa94287f74096918fd4c) Importer(2089858483,0ecaa5967403d082aa24f35e1b516d23)
Start importing Assets/Projectile/Shoot/Resource/Red/Red_2.png using Guid(4c86ea1a2843fa94287f74096918fd4c) Importer(2089858483,0ecaa5967403d082aa24f35e1b516d23) Generated GUIDs only implemented for interfaces!
 -> (artifact id: 'cce6b3ca1e14c4a698262e992d94f163') in 0.025787 seconds
Number of updated asset objects reloaded before import = 0
Number of asset objects unloaded after import = 3
========================================================================
Received Import Request.
  Time since last request: 0.000016 seconds.
  path: Assets/Projectile/Shoot/Resource/7/1_13.png
  artifactKey: Guid(496a09cbc694b7c44a6aace6fa9c8dac) Importer(2089858483,0ecaa5967403d082aa24f35e1b516d23)
Start importing Assets/Projectile/Shoot/Resource/7/1_13.png using Guid(496a09cbc694b7c44a6aace6fa9c8dac) Importer(2089858483,0ecaa5967403d082aa24f35e1b516d23) Generated GUIDs only implemented for interfaces!
 -> (artifact id: 'e4a4995e45940d195ea1475d69f97b7f') in 0.027476 seconds
Number of updated asset objects reloaded before import = 0
Number of asset objects unloaded after import = 3
========================================================================
Received Import Request.
  Time since last request: 0.000025 seconds.
  path: Assets/Projectile/Shoot/Resource/9/1_3.png
  artifactKey: Guid(1a46c6a4405b7ad49bc19e5deb16993c) Importer(2089858483,0ecaa5967403d082aa24f35e1b516d23)
Start importing Assets/Projectile/Shoot/Resource/9/1_3.png using Guid(1a46c6a4405b7ad49bc19e5deb16993c) Importer(2089858483,0ecaa5967403d082aa24f35e1b516d23) Generated GUIDs only implemented for interfaces!
 -> (artifact id: 'f23974d412ef7ec0e4fedde1d110229a') in 0.026577 seconds
Number of updated asset objects reloaded before import = 0
Number of asset objects unloaded after import = 3
========================================================================
Received Import Request.
  Time since last request: 0.000015 seconds.
  path: Assets/Projectile/Shoot/Resource/7/1_4.png
  artifactKey: Guid(c5b00673cd17b984abfe39c93e5e8086) Importer(2089858483,0ecaa5967403d082aa24f35e1b516d23)
Start importing Assets/Projectile/Shoot/Resource/7/1_4.png using Guid(c5b00673cd17b984abfe39c93e5e8086) Importer(2089858483,0ecaa5967403d082aa24f35e1b516d23) Generated GUIDs only implemented for interfaces!
 -> (artifact id: '305776d3dc08b9a7730d7b171c97c045') in 0.026570 seconds
Number of updated asset objects reloaded before import = 0
Number of asset objects unloaded after import = 3
========================================================================
Received Import Request.
  Time since last request: 0.000012 seconds.
  path: Assets/Projectile/Shoot/Resource/7/1_9.png
  artifactKey: Guid(3541380d65f6cc04f9eea0d3772c3133) Importer(2089858483,0ecaa5967403d082aa24f35e1b516d23)
Start importing Assets/Projectile/Shoot/Resource/7/1_9.png using Guid(3541380d65f6cc04f9eea0d3772c3133) Importer(2089858483,0ecaa5967403d082aa24f35e1b516d23) Generated GUIDs only implemented for interfaces!
 -> (artifact id: 'b7e85c02652c83f80c00689ccf3f1118') in 0.026650 seconds
Number of updated asset objects reloaded before import = 0
Number of asset objects unloaded after import = 3
========================================================================
Received Import Request.
  Time since last request: 0.000012 seconds.
  path: Assets/Projectile/Shoot/Resource/6/1_14.png
  artifactKey: Guid(3b55a8eba2fd3af4b9a0c5d46e56c5b7) Importer(2089858483,0ecaa5967403d082aa24f35e1b516d23)
Start importing Assets/Projectile/Shoot/Resource/6/1_14.png using Guid(3b55a8eba2fd3af4b9a0c5d46e56c5b7) Importer(2089858483,0ecaa5967403d082aa24f35e1b516d23) Generated GUIDs only implemented for interfaces!
 -> (artifact id: 'c406708c3d6b88c496f56847187ae5d3') in 0.026734 seconds
Number of updated asset objects reloaded before import = 0
Number of asset objects unloaded after import = 3
========================================================================
Received Import Request.
  Time since last request: 0.000013 seconds.
  path: Assets/Projectile/Shoot/Resource/6/1_11.png
  artifactKey: Guid(577819af1817fed4eab783b24275dd4f) Importer(2089858483,0ecaa5967403d082aa24f35e1b516d23)
Start importing Assets/Projectile/Shoot/Resource/6/1_11.png using Guid(577819af1817fed4eab783b24275dd4f) Importer(2089858483,0ecaa5967403d082aa24f35e1b516d23) Generated GUIDs only implemented for interfaces!
 -> (artifact id: 'ca1ac68299764c69f5bbdc51a0fa68c5') in 0.025916 seconds
Number of updated asset objects reloaded before import = 0
Number of asset objects unloaded after import = 3
========================================================================
Received Import Request.
  Time since last request: 0.000018 seconds.
  path: Assets/Projectile/Shoot/Resource/5/1_14.png
  artifactKey: Guid(b82f1a2252311764fb00894e624b05ab) Importer(2089858483,0ecaa5967403d082aa24f35e1b516d23)
Start importing Assets/Projectile/Shoot/Resource/5/1_14.png using Guid(b82f1a2252311764fb00894e624b05ab) Importer(2089858483,0ecaa5967403d082aa24f35e1b516d23) Generated GUIDs only implemented for interfaces!
 -> (artifact id: 'd9af89eab8f9d1bbb647d969b4af8a33') in 0.026557 seconds
Number of updated asset objects reloaded before import = 0
Number of asset objects unloaded after import = 3
========================================================================
Received Import Request.
  Time since last request: 0.000023 seconds.
  path: Assets/Projectile/Shoot/Resource/6/1_13.png
  artifactKey: Guid(2bd5a7304c629b64d8e273fe902188bc) Importer(2089858483,0ecaa5967403d082aa24f35e1b516d23)
Start importing Assets/Projectile/Shoot/Resource/6/1_13.png using Guid(2bd5a7304c629b64d8e273fe902188bc) Importer(2089858483,0ecaa5967403d082aa24f35e1b516d23) Generated GUIDs only implemented for interfaces!
 -> (artifact id: '397f66b5ca62b16476a3c801144b11bf') in 0.026432 seconds
Number of updated asset objects reloaded before import = 0
Number of asset objects unloaded after import = 3
========================================================================
Received Import Request.
  Time since last request: 0.000017 seconds.
  path: Assets/Projectile/Shoot/Resource/7/1_3.png
  artifactKey: Guid(11197cef3b712e14f9c3f99169c3ed7d) Importer(2089858483,0ecaa5967403d082aa24f35e1b516d23)
Start importing Assets/Projectile/Shoot/Resource/7/1_3.png using Guid(11197cef3b712e14f9c3f99169c3ed7d) Importer(2089858483,0ecaa5967403d082aa24f35e1b516d23) Generated GUIDs only implemented for interfaces!
 -> (artifact id: '9442b385cffc799964047156e468201f') in 0.027268 seconds
Number of updated asset objects reloaded before import = 0
Number of asset objects unloaded after import = 3
========================================================================
Received Import Request.
  Time since last request: 0.000053 seconds.
  path: Assets/Projectile/Shoot/Resource/7/1_14.png
  artifactKey: Guid(5206f6b0a49b3664ea36c23858995463) Importer(2089858483,0ecaa5967403d082aa24f35e1b516d23)
Start importing Assets/Projectile/Shoot/Resource/7/1_14.png using Guid(5206f6b0a49b3664ea36c23858995463) Importer(2089858483,0ecaa5967403d082aa24f35e1b516d23) Generated GUIDs only implemented for interfaces!
 -> (artifact id: '445be17e96c495eb901aef171c0645e5') in 0.026481 seconds
Number of updated asset objects reloaded before import = 0
Number of asset objects unloaded after import = 3
========================================================================
Received Import Request.
  Time since last request: 0.000013 seconds.
  path: Assets/Projectile/Shoot/Resource/5/1_3.png
  artifactKey: Guid(c079396e37d2c694faf69b58d55ddb77) Importer(2089858483,0ecaa5967403d082aa24f35e1b516d23)
Start importing Assets/Projectile/Shoot/Resource/5/1_3.png using Guid(c079396e37d2c694faf69b58d55ddb77) Importer(2089858483,0ecaa5967403d082aa24f35e1b516d23) Generated GUIDs only implemented for interfaces!
 -> (artifact id: '4dd25599e35909f5e493618770564d8d') in 0.026595 seconds
Number of updated asset objects reloaded before import = 0
Number of asset objects unloaded after import = 3
========================================================================
Received Import Request.
  Time since last request: 0.000025 seconds.
  path: Assets/Projectile/Shoot/Resource/6/1_9.png
  artifactKey: Guid(180bdd541e6d6784293467139ef662c7) Importer(2089858483,0ecaa5967403d082aa24f35e1b516d23)
Start importing Assets/Projectile/Shoot/Resource/6/1_9.png using Guid(180bdd541e6d6784293467139ef662c7) Importer(2089858483,0ecaa5967403d082aa24f35e1b516d23) Generated GUIDs only implemented for interfaces!
 -> (artifact id: '813cf0897b11fc96c3f2ee815d492ee2') in 0.026674 seconds
Number of updated asset objects reloaded before import = 0
Number of asset objects unloaded after import = 3
========================================================================
Received Import Request.
  Time since last request: 0.000034 seconds.
  path: Assets/Projectile/Shoot/Resource/9/1_9.png
  artifactKey: Guid(93e0258e59a92fd4bb110a142bbf484e) Importer(2089858483,0ecaa5967403d082aa24f35e1b516d23)
Start importing Assets/Projectile/Shoot/Resource/9/1_9.png using Guid(93e0258e59a92fd4bb110a142bbf484e) Importer(2089858483,0ecaa5967403d082aa24f35e1b516d23) Generated GUIDs only implemented for interfaces!
 -> (artifact id: '08c698a255ee583ce54095b1e2354fb4') in 0.026205 seconds
Number of updated asset objects reloaded before import = 0
Number of asset objects unloaded after import = 3
========================================================================
Received Import Request.
  Time since last request: 0.000018 seconds.
  path: Assets/Projectile/Shoot/Resource/Red/Red_6.png
  artifactKey: Guid(05900e30cc8294847bb498f9a6a94663) Importer(2089858483,0ecaa5967403d082aa24f35e1b516d23)
Start importing Assets/Projectile/Shoot/Resource/Red/Red_6.png using Guid(05900e30cc8294847bb498f9a6a94663) Importer(2089858483,0ecaa5967403d082aa24f35e1b516d23) Generated GUIDs only implemented for interfaces!
 -> (artifact id: 'a888bef6e5614b6fb83f62184b983a8e') in 0.024849 seconds
Number of updated asset objects reloaded before import = 0
Number of asset objects unloaded after import = 3
========================================================================
Received Import Request.
  Time since last request: 0.000018 seconds.
  path: Assets/Projectile/Shoot/Resource/Fire/Fire_6.png
  artifactKey: Guid(e96cf19a991975f47848c5c3b1c24c88) Importer(2089858483,0ecaa5967403d082aa24f35e1b516d23)
Start importing Assets/Projectile/Shoot/Resource/Fire/Fire_6.png using Guid(e96cf19a991975f47848c5c3b1c24c88) Importer(2089858483,0ecaa5967403d082aa24f35e1b516d23) Generated GUIDs only implemented for interfaces!
 -> (artifact id: '1849cc1b5a3d05cccd1ca5cbc4ff0a2c') in 0.025332 seconds
Number of updated asset objects reloaded before import = 0
Number of asset objects unloaded after import = 3
========================================================================
Received Import Request.
  Time since last request: 0.000016 seconds.
  path: Assets/Projectile/Shoot/Resource/9/1_0.png
  artifactKey: Guid(d0b524ac59452384bad6379e0ff55e5a) Importer(2089858483,0ecaa5967403d082aa24f35e1b516d23)
Start importing Assets/Projectile/Shoot/Resource/9/1_0.png using Guid(d0b524ac59452384bad6379e0ff55e5a) Importer(2089858483,0ecaa5967403d082aa24f35e1b516d23) Generated GUIDs only implemented for interfaces!
 -> (artifact id: 'cb4b3c3fc543a0bbf10ecd30d10b445e') in 0.026011 seconds
Number of updated asset objects reloaded before import = 0
Number of asset objects unloaded after import = 3
========================================================================
Received Import Request.
  Time since last request: 0.000018 seconds.
  path: Assets/Projectile/Shoot/Resource/9/1_8.png
  artifactKey: Guid(43521c8854414c04c9f797e8c7268543) Importer(2089858483,0ecaa5967403d082aa24f35e1b516d23)
Start importing Assets/Projectile/Shoot/Resource/9/1_8.png using Guid(43521c8854414c04c9f797e8c7268543) Importer(2089858483,0ecaa5967403d082aa24f35e1b516d23) Generated GUIDs only implemented for interfaces!
 -> (artifact id: '7aadacfacbfb8ee55ea4954a061d7696') in 0.026007 seconds
Number of updated asset objects reloaded before import = 0
Number of asset objects unloaded after import = 3
========================================================================
Received Import Request.
  Time since last request: 0.000015 seconds.
  path: Assets/Projectile/Shoot/Resource/6/1_12.png
  artifactKey: Guid(a4a4974583652414cb90ed9d62e81770) Importer(2089858483,0ecaa5967403d082aa24f35e1b516d23)
Start importing Assets/Projectile/Shoot/Resource/6/1_12.png using Guid(a4a4974583652414cb90ed9d62e81770) Importer(2089858483,0ecaa5967403d082aa24f35e1b516d23) Generated GUIDs only implemented for interfaces!
 -> (artifact id: '019104896cd3729efb030edf2d485c19') in 0.025804 seconds
Number of updated asset objects reloaded before import = 0
Number of asset objects unloaded after import = 3
========================================================================
Received Import Request.
  Time since last request: 0.000032 seconds.
  path: Assets/Projectile/Shoot/Resource/5/1_9.png
  artifactKey: Guid(00795b2716587c44abfc7c85c67de595) Importer(2089858483,0ecaa5967403d082aa24f35e1b516d23)
Start importing Assets/Projectile/Shoot/Resource/5/1_9.png using Guid(00795b2716587c44abfc7c85c67de595) Importer(2089858483,0ecaa5967403d082aa24f35e1b516d23) Generated GUIDs only implemented for interfaces!
 -> (artifact id: 'ba3b4c12f2be6106ba57400bb67bc7aa') in 0.026038 seconds
Number of updated asset objects reloaded before import = 0
Number of asset objects unloaded after import = 3
========================================================================
Received Import Request.
  Time since last request: 0.000012 seconds.
  path: Assets/Projectile/Shoot/Resource/7/1_5.png
  artifactKey: Guid(4eb02c88270a2af41b2b8b20c95afe36) Importer(2089858483,0ecaa5967403d082aa24f35e1b516d23)
Start importing Assets/Projectile/Shoot/Resource/7/1_5.png using Guid(4eb02c88270a2af41b2b8b20c95afe36) Importer(2089858483,0ecaa5967403d082aa24f35e1b516d23) Generated GUIDs only implemented for interfaces!
 -> (artifact id: 'db2957375beacb08ec59f145dd45a38d') in 0.023812 seconds
Number of updated asset objects reloaded before import = 0
Number of asset objects unloaded after import = 3
========================================================================
Received Import Request.
  Time since last request: 26.594637 seconds.
  path: Assets/Projectile/Projectile.cs
  artifactKey: Guid(8359f2b07856e1248be58b7e8252fcc8) Importer(815301076,1909f56bfc062723c751e8b465ee728b)
Start importing Assets/Projectile/Projectile.cs using Guid(8359f2b07856e1248be58b7e8252fcc8) Importer(815301076,1909f56bfc062723c751e8b465ee728b)  -> (artifact id: 'f7efcab264269301c569ba3783fa7f6b') in 0.000644 seconds
Number of updated asset objects reloaded before import = 0
Number of asset objects unloaded after import = 0
========================================================================
Received Import Request.
  Time since last request: 216.945795 seconds.
  path: Assets/Projectile/Reload.cs
  artifactKey: Guid(b5e1d93552ef1284dbe706b76278d132) Importer(815301076,1909f56bfc062723c751e8b465ee728b)
Start importing Assets/Projectile/Reload.cs using Guid(b5e1d93552ef1284dbe706b76278d132) Importer(815301076,1909f56bfc062723c751e8b465ee728b)  -> (artifact id: '0ed1656bd6d2cf2eb1948783f6a9ef92') in 0.000638 seconds
Number of updated asset objects reloaded before import = 0
Number of asset objects unloaded after import = 0
========================================================================
Received Import Request.
  Time since last request: 44.884957 seconds.
  path: Assets/Projectile/Reload.cs
  artifactKey: Guid(b5e1d93552ef1284dbe706b76278d132) Importer(2089858483,0ecaa5967403d082aa24f35e1b516d23)
Start importing Assets/Projectile/Reload.cs using Guid(b5e1d93552ef1284dbe706b76278d132) Importer(2089858483,0ecaa5967403d082aa24f35e1b516d23) Generated GUIDs only implemented for interfaces!
 -> (artifact id: 'bb9e54db1ffbb38b330ff2b418f7c334') in 0.005403 seconds
Number of updated asset objects reloaded before import = 0
Number of asset objects unloaded after import = 1
========================================================================
Received Prepare
Begin MonoManager ReloadAssembly
- Loaded All Assemblies, in  0.278 seconds
Refreshing native plugins compatible for Editor in 0.00 ms, found 0 plugins.
Native extension for WindowsStandalone target not found
Mono: successfully reloaded assembly
- Finished resetting the current domain, in  0.374 seconds
Domain Reload Profiling: 645ms
	BeginReloadAssembly (184ms)
		ExecutionOrderSort (0ms)
		DisableScriptedObjects (6ms)
		BackupInstance (0ms)
		ReleaseScriptingObjects (0ms)
		CreateAndSetChildDomain (18ms)
	RebuildCommonClasses (34ms)
	RebuildNativeTypeToScriptingClass (8ms)
	initialDomainReloadingComplete (35ms)
	LoadAllAssembliesAndSetupDomain (9ms)
		LoadAssemblies (130ms)
		RebuildTransferFunctionScriptingTraits (0ms)
		AnalyzeDomain (6ms)
			TypeCache.Refresh (4ms)
				TypeCache.ScanAssembly (0ms)
			ScanForSourceGeneratedMonoScriptInfo (1ms)
			ResolveRequiredComponents (0ms)
	FinalizeReload (375ms)
		ReleaseScriptCaches (0ms)
		RebuildScriptCaches (0ms)
		SetupLoadedEditorAssemblies (238ms)
			LogAssemblyErrors (0ms)
			InitializePlatformSupportModulesInManaged (11ms)
			SetLoadedEditorAssemblies (6ms)
			RefreshPlugins (0ms)
			BeforeProcessingInitializeOnLoad (40ms)
			ProcessInitializeOnLoadAttributes (142ms)
			ProcessInitializeOnLoadMethodAttributes (22ms)
			AfterProcessingInitializeOnLoad (17ms)
			EditorAssembliesLoaded (0ms)
		ExecutionOrderSort2 (0ms)
		AwakeInstancesAfterBackupRestoration (8ms)
Refreshing native plugins compatible for Editor in 0.00 ms, found 0 plugins.
Preloading 0 native plugins for Editor in 0.00 ms.
Unloading 3 Unused Serialized files (Serialized files now loaded: 0)
Unloading 1 unused Assets / (7.4 KB). Loaded Objects now: 478.
Memory consumption went from 44.3 MB to 44.3 MB.
Total: 2.075500 ms (FindLiveObjects: 0.059500 ms CreateObjectMapping: 0.006100 ms MarkObjects: 1.992600 ms  DeleteObjects: 0.016500 ms)

Prepare: number of updated asset objects reloaded= 0
AssetImportParameters requested are different than current active one (requested -> active):
  custom:video-decoder-ogg-theora: a1e56fd34408186e4bbccfd4996cb3dc -> 
  custom:container-muxer-webm: aa71ff27fc2769a1b78a27578f13a17b -> 
  custom:container-demuxer-webm: 4f35f7cbe854078d1ac9338744f61a02 -> 
  custom:video-encoder-webm-vp8: eb34c28f22e8b96e1ab97ce403110664 -> 
  custom:CustomObjectIndexerAttribute: 756ad292c208cfabdd7b50bc23989ffe -> 
  custom:audio-encoder-webm-vorbis: bf7c407c2cedff20999df2af8eb42d56 -> 
  custom:framework-win-MediaFoundation: 216162199b28c13a410421893ffa2e32 -> 
  custom:SearchIndexIgnoredProperties: e643bd26f0fe6173181afceb89e7c659 -> 
  custom:container-demuxer-ogg: 62fdf1f143b41e24485cea50d1cbac27 -> 
  custom:video-decoder-webm-vp8: 9c59270c3fd7afecdb556c50c9e8de78 -> 
  custom:audio-decoder-ogg-vorbis: bf7c407c2cedff20999df2af8eb42d56 -> 
  custom:AudioImporter_EditorPlatform: d09bf68614088b80899f8185d706f6e7 -> 
========================================================================
Received Prepare
Begin MonoManager ReloadAssembly
- Loaded All Assemblies, in  0.284 seconds
Refreshing native plugins compatible for Editor in 0.00 ms, found 0 plugins.
Native extension for WindowsStandalone target not found
Mono: successfully reloaded assembly
- Finished resetting the current domain, in  0.297 seconds
Domain Reload Profiling: 577ms
	BeginReloadAssembly (194ms)
		ExecutionOrderSort (0ms)
		DisableScriptedObjects (6ms)
		BackupInstance (0ms)
		ReleaseScriptingObjects (0ms)
		CreateAndSetChildDomain (18ms)
	RebuildCommonClasses (40ms)
	RebuildNativeTypeToScriptingClass (9ms)
	initialDomainReloadingComplete (32ms)
	LoadAllAssembliesAndSetupDomain (6ms)
		LoadAssemblies (137ms)
		RebuildTransferFunctionScriptingTraits (0ms)
		AnalyzeDomain (4ms)
			TypeCache.Refresh (3ms)
				TypeCache.ScanAssembly (0ms)
			ScanForSourceGeneratedMonoScriptInfo (0ms)
			ResolveRequiredComponents (0ms)
	FinalizeReload (298ms)
		ReleaseScriptCaches (0ms)
		RebuildScriptCaches (0ms)
		SetupLoadedEditorAssemblies (189ms)
			LogAssemblyErrors (0ms)
			InitializePlatformSupportModulesInManaged (8ms)
			SetLoadedEditorAssemblies (4ms)
			RefreshPlugins (0ms)
			BeforeProcessingInitializeOnLoad (33ms)
			ProcessInitializeOnLoadAttributes (110ms)
			ProcessInitializeOnLoadMethodAttributes (20ms)
			AfterProcessingInitializeOnLoad (14ms)
			EditorAssembliesLoaded (0ms)
		ExecutionOrderSort2 (0ms)
		AwakeInstancesAfterBackupRestoration (8ms)
Refreshing native plugins compatible for Editor in 0.00 ms, found 0 plugins.
Preloading 0 native plugins for Editor in 0.00 ms.
Unloading 4 Unused Serialized files (Serialized files now loaded: 0)
Unloading 1 unused Assets / (9.6 KB). Loaded Objects now: 478.
Memory consumption went from 44.5 MB to 44.5 MB.
Total: 1.741400 ms (FindLiveObjects: 0.028600 ms CreateObjectMapping: 0.002700 ms MarkObjects: 1.687900 ms  DeleteObjects: 0.021600 ms)

Prepare: number of updated asset objects reloaded= 0
AssetImportParameters requested are different than current active one (requested -> active):
  custom:video-decoder-ogg-theora: a1e56fd34408186e4bbccfd4996cb3dc -> 
  custom:container-muxer-webm: aa71ff27fc2769a1b78a27578f13a17b -> 
  custom:container-demuxer-webm: 4f35f7cbe854078d1ac9338744f61a02 -> 
  custom:video-encoder-webm-vp8: eb34c28f22e8b96e1ab97ce403110664 -> 
  custom:CustomObjectIndexerAttribute: 756ad292c208cfabdd7b50bc23989ffe -> 
  custom:audio-encoder-webm-vorbis: bf7c407c2cedff20999df2af8eb42d56 -> 
  custom:framework-win-MediaFoundation: 216162199b28c13a410421893ffa2e32 -> 
  custom:SearchIndexIgnoredProperties: e643bd26f0fe6173181afceb89e7c659 -> 
  custom:container-demuxer-ogg: 62fdf1f143b41e24485cea50d1cbac27 -> 
  custom:video-decoder-webm-vp8: 9c59270c3fd7afecdb556c50c9e8de78 -> 
  custom:audio-decoder-ogg-vorbis: bf7c407c2cedff20999df2af8eb42d56 -> 
  custom:AudioImporter_EditorPlatform: d09bf68614088b80899f8185d706f6e7 -> 
========================================================================
Received Prepare
Begin MonoManager ReloadAssembly
- Loaded All Assemblies, in  0.230 seconds
Refreshing native plugins compatible for Editor in 0.00 ms, found 0 plugins.
Native extension for WindowsStandalone target not found
Mono: successfully reloaded assembly
- Finished resetting the current domain, in  0.264 seconds
Domain Reload Profiling: 491ms
	BeginReloadAssembly (146ms)
		ExecutionOrderSort (0ms)
		DisableScriptedObjects (4ms)
		BackupInstance (0ms)
		ReleaseScriptingObjects (0ms)
		CreateAndSetChildDomain (17ms)
	RebuildCommonClasses (28ms)
	RebuildNativeTypeToScriptingClass (8ms)
	initialDomainReloadingComplete (37ms)
	LoadAllAssembliesAndSetupDomain (7ms)
		LoadAssemblies (96ms)
		RebuildTransferFunctionScriptingTraits (0ms)
		AnalyzeDomain (5ms)
			TypeCache.Refresh (4ms)
				TypeCache.ScanAssembly (0ms)
			ScanForSourceGeneratedMonoScriptInfo (0ms)
			ResolveRequiredComponents (0ms)
	FinalizeReload (265ms)
		ReleaseScriptCaches (0ms)
		RebuildScriptCaches (0ms)
		SetupLoadedEditorAssemblies (170ms)
			LogAssemblyErrors (0ms)
			InitializePlatformSupportModulesInManaged (9ms)
			SetLoadedEditorAssemblies (5ms)
			RefreshPlugins (0ms)
			BeforeProcessingInitializeOnLoad (31ms)
			ProcessInitializeOnLoadAttributes (93ms)
			ProcessInitializeOnLoadMethodAttributes (16ms)
			AfterProcessingInitializeOnLoad (16ms)
			EditorAssembliesLoaded (0ms)
		ExecutionOrderSort2 (0ms)
		AwakeInstancesAfterBackupRestoration (7ms)
Refreshing native plugins compatible for Editor in 0.00 ms, found 0 plugins.
Preloading 0 native plugins for Editor in 0.00 ms.
Unloading 4 Unused Serialized files (Serialized files now loaded: 0)
Unloading 1 unused Assets / (9.6 KB). Loaded Objects now: 478.
Memory consumption went from 44.5 MB to 44.5 MB.
Total: 1.771000 ms (FindLiveObjects: 0.027100 ms CreateObjectMapping: 0.003100 ms MarkObjects: 1.723700 ms  DeleteObjects: 0.016300 ms)

Prepare: number of updated asset objects reloaded= 0
AssetImportParameters requested are different than current active one (requested -> active):
  custom:video-decoder-ogg-theora: a1e56fd34408186e4bbccfd4996cb3dc -> 
  custom:container-muxer-webm: aa71ff27fc2769a1b78a27578f13a17b -> 
  custom:container-demuxer-webm: 4f35f7cbe854078d1ac9338744f61a02 -> 
  custom:video-encoder-webm-vp8: eb34c28f22e8b96e1ab97ce403110664 -> 
  custom:CustomObjectIndexerAttribute: 756ad292c208cfabdd7b50bc23989ffe -> 
  custom:audio-encoder-webm-vorbis: bf7c407c2cedff20999df2af8eb42d56 -> 
  custom:framework-win-MediaFoundation: 216162199b28c13a410421893ffa2e32 -> 
  custom:SearchIndexIgnoredProperties: e643bd26f0fe6173181afceb89e7c659 -> 
  custom:container-demuxer-ogg: 62fdf1f143b41e24485cea50d1cbac27 -> 
  custom:video-decoder-webm-vp8: 9c59270c3fd7afecdb556c50c9e8de78 -> 
  custom:audio-decoder-ogg-vorbis: bf7c407c2cedff20999df2af8eb42d56 -> 
  custom:AudioImporter_EditorPlatform: d09bf68614088b80899f8185d706f6e7 -> 
========================================================================
Received Import Request.
  Time since last request: 54.779949 seconds.
  path: Assets/Projectile/Projectile_Manager.prefab
  artifactKey: Guid(1c694106a7066884fa3a147b42f1c129) Importer(815301076,1909f56bfc062723c751e8b465ee728b)
Start importing Assets/Projectile/Projectile_Manager.prefab using Guid(1c694106a7066884fa3a147b42f1c129) Importer(815301076,1909f56bfc062723c751e8b465ee728b)  -> (artifact id: '07c56163ab98c24b0bcce8f69e699ee3') in 0.079098 seconds
Number of updated asset objects reloaded before import = 0
Number of asset objects unloaded after import = 8
========================================================================
Received Prepare
Begin MonoManager ReloadAssembly
- Loaded All Assemblies, in  0.229 seconds
Refreshing native plugins compatible for Editor in 0.00 ms, found 0 plugins.
Native extension for WindowsStandalone target not found
Mono: successfully reloaded assembly
- Finished resetting the current domain, in  0.286 seconds
Domain Reload Profiling: 511ms
	BeginReloadAssembly (146ms)
		ExecutionOrderSort (0ms)
		DisableScriptedObjects (3ms)
		BackupInstance (0ms)
		ReleaseScriptingObjects (0ms)
		CreateAndSetChildDomain (16ms)
	RebuildCommonClasses (27ms)
	RebuildNativeTypeToScriptingClass (8ms)
	initialDomainReloadingComplete (37ms)
	LoadAllAssembliesAndSetupDomain (6ms)
		LoadAssemblies (97ms)
		RebuildTransferFunctionScriptingTraits (0ms)
		AnalyzeDomain (4ms)
			TypeCache.Refresh (3ms)
				TypeCache.ScanAssembly (0ms)
			ScanForSourceGeneratedMonoScriptInfo (0ms)
			ResolveRequiredComponents (0ms)
	FinalizeReload (287ms)
		ReleaseScriptCaches (0ms)
		RebuildScriptCaches (0ms)
		SetupLoadedEditorAssemblies (183ms)
			LogAssemblyErrors (0ms)
			InitializePlatformSupportModulesInManaged (8ms)
			SetLoadedEditorAssemblies (4ms)
			RefreshPlugins (0ms)
			BeforeProcessingInitializeOnLoad (33ms)
			ProcessInitializeOnLoadAttributes (104ms)
			ProcessInitializeOnLoadMethodAttributes (17ms)
			AfterProcessingInitializeOnLoad (16ms)
			EditorAssembliesLoaded (0ms)
		ExecutionOrderSort2 (0ms)
		AwakeInstancesAfterBackupRestoration (9ms)
Refreshing native plugins compatible for Editor in 0.00 ms, found 0 plugins.
Preloading 0 native plugins for Editor in 0.00 ms.
Unloading 3 Unused Serialized files (Serialized files now loaded: 0)
Unloading 1 unused Assets / (7.4 KB). Loaded Objects now: 486.
Memory consumption went from 48.4 MB to 48.4 MB.
Total: 1.664400 ms (FindLiveObjects: 0.029200 ms CreateObjectMapping: 0.002900 ms MarkObjects: 1.596900 ms  DeleteObjects: 0.034500 ms)

Prepare: number of updated asset objects reloaded= 0
AssetImportParameters requested are different than current active one (requested -> active):
  custom:video-decoder-ogg-theora: a1e56fd34408186e4bbccfd4996cb3dc -> 
  custom:container-muxer-webm: aa71ff27fc2769a1b78a27578f13a17b -> 
  custom:container-demuxer-webm: 4f35f7cbe854078d1ac9338744f61a02 -> 
  custom:video-encoder-webm-vp8: eb34c28f22e8b96e1ab97ce403110664 -> 
  custom:CustomObjectIndexerAttribute: 756ad292c208cfabdd7b50bc23989ffe -> 
  custom:audio-encoder-webm-vorbis: bf7c407c2cedff20999df2af8eb42d56 -> 
  custom:framework-win-MediaFoundation: 216162199b28c13a410421893ffa2e32 -> 
  custom:SearchIndexIgnoredProperties: e643bd26f0fe6173181afceb89e7c659 -> 
  custom:container-demuxer-ogg: 62fdf1f143b41e24485cea50d1cbac27 -> 
  custom:video-decoder-webm-vp8: 9c59270c3fd7afecdb556c50c9e8de78 -> 
  custom:audio-decoder-ogg-vorbis: bf7c407c2cedff20999df2af8eb42d56 -> 
  custom:AudioImporter_EditorPlatform: d09bf68614088b80899f8185d706f6e7 -> 
========================================================================
Received Prepare
Begin MonoManager ReloadAssembly
- Loaded All Assemblies, in  0.270 seconds
Refreshing native plugins compatible for Editor in 0.00 ms, found 0 plugins.
Native extension for WindowsStandalone target not found
Mono: successfully reloaded assembly
- Finished resetting the current domain, in  0.349 seconds
Domain Reload Profiling: 610ms
	BeginReloadAssembly (178ms)
		ExecutionOrderSort (0ms)
		DisableScriptedObjects (7ms)
		BackupInstance (0ms)
		ReleaseScriptingObjects (0ms)
		CreateAndSetChildDomain (16ms)
	RebuildCommonClasses (33ms)
	RebuildNativeTypeToScriptingClass (9ms)
	initialDomainReloadingComplete (35ms)
	LoadAllAssembliesAndSetupDomain (7ms)
		LoadAssemblies (124ms)
		RebuildTransferFunctionScriptingTraits (0ms)
		AnalyzeDomain (4ms)
			TypeCache.Refresh (3ms)
				TypeCache.ScanAssembly (0ms)
			ScanForSourceGeneratedMonoScriptInfo (0ms)
			ResolveRequiredComponents (0ms)
	FinalizeReload (349ms)
		ReleaseScriptCaches (0ms)
		RebuildScriptCaches (0ms)
		SetupLoadedEditorAssemblies (216ms)
			LogAssemblyErrors (0ms)
			InitializePlatformSupportModulesInManaged (12ms)
			SetLoadedEditorAssemblies (7ms)
			RefreshPlugins (0ms)
			BeforeProcessingInitializeOnLoad (40ms)
			ProcessInitializeOnLoadAttributes (120ms)
			ProcessInitializeOnLoadMethodAttributes (15ms)
			AfterProcessingInitializeOnLoad (21ms)
			EditorAssembliesLoaded (0ms)
		ExecutionOrderSort2 (0ms)
		AwakeInstancesAfterBackupRestoration (10ms)
Refreshing native plugins compatible for Editor in 0.00 ms, found 0 plugins.
Preloading 0 native plugins for Editor in 0.00 ms.
Unloading 4 Unused Serialized files (Serialized files now loaded: 0)
Unloading 1 unused Assets / (9.6 KB). Loaded Objects now: 486.
Memory consumption went from 48.7 MB to 48.7 MB.
Total: 1.954900 ms (FindLiveObjects: 0.036900 ms CreateObjectMapping: 0.004300 ms MarkObjects: 1.898100 ms  DeleteObjects: 0.014800 ms)

Prepare: number of updated asset objects reloaded= 0
AssetImportParameters requested are different than current active one (requested -> active):
  custom:video-decoder-ogg-theora: a1e56fd34408186e4bbccfd4996cb3dc -> 
  custom:container-muxer-webm: aa71ff27fc2769a1b78a27578f13a17b -> 
  custom:container-demuxer-webm: 4f35f7cbe854078d1ac9338744f61a02 -> 
  custom:video-encoder-webm-vp8: eb34c28f22e8b96e1ab97ce403110664 -> 
  custom:CustomObjectIndexerAttribute: 756ad292c208cfabdd7b50bc23989ffe -> 
  custom:audio-encoder-webm-vorbis: bf7c407c2cedff20999df2af8eb42d56 -> 
  custom:framework-win-MediaFoundation: 216162199b28c13a410421893ffa2e32 -> 
  custom:SearchIndexIgnoredProperties: e643bd26f0fe6173181afceb89e7c659 -> 
  custom:container-demuxer-ogg: 62fdf1f143b41e24485cea50d1cbac27 -> 
  custom:video-decoder-webm-vp8: 9c59270c3fd7afecdb556c50c9e8de78 -> 
  custom:audio-decoder-ogg-vorbis: bf7c407c2cedff20999df2af8eb42d56 -> 
  custom:AudioImporter_EditorPlatform: d09bf68614088b80899f8185d706f6e7 -> 
========================================================================
Received Import Request.
  Time since last request: 62.908118 seconds.
  path: Assets/Projectile/Projectile_Manager.prefab
  artifactKey: Guid(1c694106a7066884fa3a147b42f1c129) Importer(815301076,1909f56bfc062723c751e8b465ee728b)
Start importing Assets/Projectile/Projectile_Manager.prefab using Guid(1c694106a7066884fa3a147b42f1c129) Importer(815301076,1909f56bfc062723c751e8b465ee728b)  -> (artifact id: '7db3e0013eb312fa49b83489bbeed5aa') in 0.045974 seconds
Number of updated asset objects reloaded before import = 0
Number of asset objects unloaded after import = 8
========================================================================
Received Import Request.
  Time since last request: 0.650098 seconds.
  path: Assets/Projectile/Projectile.cs
  artifactKey: Guid(8359f2b07856e1248be58b7e8252fcc8) Importer(815301076,1909f56bfc062723c751e8b465ee728b)
Start importing Assets/Projectile/Projectile.cs using Guid(8359f2b07856e1248be58b7e8252fcc8) Importer(815301076,1909f56bfc062723c751e8b465ee728b)  -> (artifact id: 'e02f8bb27178e5ce4e65db2da2ab0437') in 0.000675 seconds
Number of updated asset objects reloaded before import = 0
Number of asset objects unloaded after import = 0
